Build started 2015-05-21 8:55:02 PM.
     1>Project "C:\Users\Noire\documents\visual studio 2013\Projects\enigma_machine\enigma_machine\enigma_machine.vcxproj" on node 2 (Build target(s)).
     1>ClCompile:
         C:\Program Files (x86)\Microsoft Visual Studio 12.0\VC\bin\CL.exe /c /ZI /nologo /W3 /WX- /Od /Oy- /D WIN32 /D _DEBUG /D _CONSOLE /D _LIB /D _UNICODE /D UNICODE /Gm /EHsc /RTC1 /MDd /GS /fp:precise /Zc:wchar_t /Zc:forScope /Fo"Debug\\" /Fd"Debug\vc120.pdb" /Gd /TP /analyze- /errorReport:prompt enigma_machine.cpp main.cpp
         main.cpp
     1>c:\users\noire\documents\visual studio 2013\projects\enigma_machine\enigma_machine\enigma_machine.cpp(182): warning C4101: 'e' : unreferenced local variable
                 c:\users\noire\documents\visual studio 2013\projects\enigma_machine\enigma_machine\enigma_machine.cpp(169) : while compiling class template member function 'void Enigma_Machine<std::string>::chck_rotors(void)'
                 c:\users\noire\documents\visual studio 2013\projects\enigma_machine\enigma_machine\enigma_machine.cpp(297) : see reference to function template instantiation 'void Enigma_Machine<std::string>::chck_rotors(void)' being compiled
                 c:\users\noire\documents\visual studio 2013\projects\enigma_machine\enigma_machine\enigma_machine.cpp(8) : while compiling class template member function 'Enigma_Machine<std::string>::Enigma_Machine(void)'
                 c:\users\noire\documents\visual studio 2013\projects\enigma_machine\enigma_machine\main.cpp(5) : see reference to function template instantiation 'Enigma_Machine<std::string>::Enigma_Machine(void)' being compiled
                 c:\users\noire\documents\visual studio 2013\projects\enigma_machine\enigma_machine\main.cpp(5) : see reference to class template instantiation 'Enigma_Machine<std::string>' being compiled
     1>c:\users\noire\documents\visual studio 2013\projects\enigma_machine\enigma_machine\enigma_machine.cpp(228): warning C4101: 'b' : unreferenced local variable
                 c:\users\noire\documents\visual studio 2013\projects\enigma_machine\enigma_machine\enigma_machine.cpp(212) : while compiling class template member function 'int Enigma_Machine<std::string>::char_alpha_pos(char)'
                 c:\users\noire\documents\visual studio 2013\projects\enigma_machine\enigma_machine\enigma_machine.cpp(241) : see reference to function template instantiation 'int Enigma_Machine<std::string>::char_alpha_pos(char)' being compiled
                 c:\users\noire\documents\visual studio 2013\projects\enigma_machine\enigma_machine\enigma_machine.cpp(39) : while compiling class template member function 'std::string Enigma_Machine<std::string>::get_rotor(int)'
                 c:\users\noire\documents\visual studio 2013\projects\enigma_machine\enigma_machine\enigma_machine.cpp(174) : see reference to function template instantiation 'std::string Enigma_Machine<std::string>::get_rotor(int)' being compiled
                 c:\users\noire\documents\visual studio 2013\projects\enigma_machine\enigma_machine\enigma_machine.cpp(169) : while compiling class template member function 'void Enigma_Machine<std::string>::chck_rotors(void)'
                 c:\users\noire\documents\visual studio 2013\projects\enigma_machine\enigma_machine\enigma_machine.cpp(297) : see reference to function template instantiation 'void Enigma_Machine<std::string>::chck_rotors(void)' being compiled
         enigma_machine.cpp
         Generating Code...
     1>c:\users\noire\documents\visual studio 2013\projects\enigma_machine\enigma_machine\enigma_machine.cpp(235): warning C4715: 'Enigma_Machine<std::basic_string<char,std::char_traits<char>,std::allocator<char> > >::char_alpha_pos' : not all control paths return a value
       Link:
         C:\Program Files (x86)\Microsoft Visual Studio 12.0\VC\bin\link.exe /ERRORREPORT:PROMPT /OUT:"C:\Users\Noire\documents\visual studio 2013\Projects\enigma_machine\Debug\enigma_machine.exe" /INCREMENTAL /NOLOGO kernel32.lib user32.lib gdi32.lib winspool.lib comdlg32.lib advapi32.lib shell32.lib ole32.lib oleaut32.lib uuid.lib odbc32.lib odbccp32.lib /MANIFEST /MANIFESTUAC:"level='asInvoker' uiAccess='false'" /manifest:embed /DEBUG /PDB:"C:\Users\Noire\documents\visual studio 2013\Projects\enigma_machine\Debug\enigma_machine.pdb" /SUBSYSTEM:CONSOLE /TLBID:1 /DYNAMICBASE /NXCOMPAT /IMPLIB:"C:\Users\Noire\documents\visual studio 2013\Projects\enigma_machine\Debug\enigma_machine.lib" /MACHINE:X86 Debug\enigma_machine.obj
         Debug\helper.obj
         Debug\main.obj
         enigma_machine.vcxproj -> C:\Users\Noire\documents\visual studio 2013\Projects\enigma_machine\Debug\enigma_machine.exe
     1>Done Building Project "C:\Users\Noire\documents\visual studio 2013\Projects\enigma_machine\enigma_machine\enigma_machine.vcxproj" (Build target(s)).

Build succeeded.

Time Elapsed 00:00:01.31
